<?xml version="1.0" encoding="UTF-8"?>
<!-- Generated by org.testng.reporters.JUnitXMLReporter -->
<testsuite hostname="DESKTOP-AU3E4IQ" ignored="0" name="login test" tests="4" failures="0" timestamp="12 Jan 2019 22:08:24 GMT" time="94.193" errors="0">
  <testcase name="amazonTitle" time="19.021" classname="recap.AmazonMenu"/>
  <testcase name="doubleClick" time="23.476" classname="recap.AmazonMenu"/>
  <testcase name="dragAndDrop" time="30.361" classname="recap.AmazonMenu"/>
  <testcase name="upload" time="6.342" classname="recap.AmazonMenu"/>
</testsuite> <!-- login test -->
