<?xml version="1.0" encoding="UTF-8"?>
<testng-results skipped="0" failed="0" ignored="0" total="4" passed="4">
  <reporter-output>
  </reporter-output>
  <suite name="login test" duration-ms="94193" started-at="2019-01-12T22:06:50Z" finished-at="2019-01-12T22:08:24Z">
    <groups>
    </groups>
    <test name="login test" duration-ms="94193" started-at="2019-01-12T22:06:50Z" finished-at="2019-01-12T22:08:24Z">
      <class name="recap.AmazonMenu">
        <test-method status="PASS" signature="setup()[pri:0, instance:recap.AmazonMenu@6acdbdf5]" name="setup" is-config="true" duration-ms="1213" started-at="2019-01-12T22:06:50Z" finished-at="2019-01-12T22:06:51Z">
          <reporter-output>
          </reporter-output>
        </test-method> <!-- setup -->
        <test-method status="PASS" signature="startTest()[pri:0, instance:recap.AmazonMenu@6acdbdf5]" name="startTest" is-config="true" duration-ms="3768" started-at="2019-01-12T22:06:51Z" finished-at="2019-01-12T22:06:55Z">
          <reporter-output>
          </reporter-output>
        </test-method> <!-- startTest -->
        <test-method status="PASS" signature="amazonTitle()[pri:0, instance:recap.AmazonMenu@6acdbdf5]" name="amazonTitle" duration-ms="19021" started-at="2019-01-12T22:06:55Z" finished-at="2019-01-12T22:07:14Z">
          <reporter-output>
          </reporter-output>
        </test-method> <!-- amazonTitle -->
        <test-method status="PASS" signature="cleaning()[pri:0, instance:recap.AmazonMenu@6acdbdf5]" name="cleaning" is-config="true" duration-ms="0" started-at="2019-01-12T22:07:14Z" finished-at="2019-01-12T22:07:14Z">
          <reporter-output>
          </reporter-output>
        </test-method> <!-- cleaning -->
        <test-method status="PASS" signature="startTest()[pri:0, instance:recap.AmazonMenu@6acdbdf5]" name="startTest" is-config="true" duration-ms="3415" started-at="2019-01-12T22:07:14Z" finished-at="2019-01-12T22:07:18Z">
          <reporter-output>
          </reporter-output>
        </test-method> <!-- startTest -->
        <test-method status="PASS" signature="doubleClick()[pri:0, instance:recap.AmazonMenu@6acdbdf5]" name="doubleClick" duration-ms="23476" started-at="2019-01-12T22:07:18Z" finished-at="2019-01-12T22:07:41Z">
          <reporter-output>
          </reporter-output>
        </test-method> <!-- doubleClick -->
        <test-method status="PASS" signature="startTest()[pri:0, instance:recap.AmazonMenu@6acdbdf5]" name="startTest" is-config="true" duration-ms="3247" started-at="2019-01-12T22:07:41Z" finished-at="2019-01-12T22:07:44Z">
          <reporter-output>
          </reporter-output>
        </test-method> <!-- startTest -->
        <test-method status="PASS" signature="cleaning()[pri:0, instance:recap.AmazonMenu@6acdbdf5]" name="cleaning" is-config="true" duration-ms="0" started-at="2019-01-12T22:07:41Z" finished-at="2019-01-12T22:07:41Z">
          <reporter-output>
          </reporter-output>
        </test-method> <!-- cleaning -->
        <test-method status="PASS" signature="dragAndDrop()[pri:0, instance:recap.AmazonMenu@6acdbdf5]" name="dragAndDrop" duration-ms="30361" started-at="2019-01-12T22:07:44Z" finished-at="2019-01-12T22:08:15Z">
          <reporter-output>
          </reporter-output>
        </test-method> <!-- dragAndDrop -->
        <test-method status="PASS" signature="cleaning()[pri:0, instance:recap.AmazonMenu@6acdbdf5]" name="cleaning" is-config="true" duration-ms="0" started-at="2019-01-12T22:08:15Z" finished-at="2019-01-12T22:08:15Z">
          <reporter-output>
          </reporter-output>
        </test-method> <!-- cleaning -->
        <test-method status="PASS" signature="startTest()[pri:0, instance:recap.AmazonMenu@6acdbdf5]" name="startTest" is-config="true" duration-ms="3318" started-at="2019-01-12T22:08:15Z" finished-at="2019-01-12T22:08:18Z">
          <reporter-output>
          </reporter-output>
        </test-method> <!-- startTest -->
        <test-method status="PASS" signature="upload()[pri:0, instance:recap.AmazonMenu@6acdbdf5]" name="upload" duration-ms="6342" started-at="2019-01-12T22:08:18Z" finished-at="2019-01-12T22:08:24Z">
          <reporter-output>
          </reporter-output>
        </test-method> <!-- upload -->
        <test-method status="PASS" signature="cleaning()[pri:0, instance:recap.AmazonMenu@6acdbdf5]" name="cleaning" is-config="true" duration-ms="0" started-at="2019-01-12T22:08:24Z" finished-at="2019-01-12T22:08:24Z">
          <reporter-output>
          </reporter-output>
        </test-method> <!-- cleaning -->
      </class> <!-- recap.AmazonMenu -->
    </test> <!-- login test -->
  </suite> <!-- login test -->
</testng-results>
