<?xml version="1.0" encoding="UTF-8"?>
<testsuite xmlns:xsi="http://www.w3.org/2001/XMLSchema-instance" xsi:noNamespaceSchemaLocation="https://maven.apache.org/surefire/maven-surefire-plugin/xsd/surefire-test-report.xsd" name="TestSuite" time="94.876" tests="4" errors="0" skipped="0" failures="0">
  <properties>
[...]
</properties>
  <testcase name="amazonTitle" classname="recap.AmazonMenu" time="19.021"/>
  <testcase name="doubleClick" classname="recap.AmazonMenu" time="23.476"/>
  <testcase name="dragAndDrop" classname="recap.AmazonMenu" time="30.361"/>
  <testcase name="upload" classname="recap.AmazonMenu" time="6.342"/>
</testsuite>